[0/2] Re-checking globbed directories...[K
[1/2] Re-running CMake...[K
-- Configuring done
-- Generating done
-- Build files have been written to: /home/ccox/N2Dec21TEST/build
[0/2] Re-checking globbed directories...[K
[0/14] Generating codegen/include/lbrulibs/pacmancardreader/Nljs.hpp[K
[0/14] Generating codegen/include/lbrulibs/pacmancardreaderinfo/InfoNljs.hpp[K
[0/14] Generating codegen/include/lbrulibs/pacmancardreader/Structs.hpp[K
[0/14] Generating codegen/include/lbrulibs/pacmancardreaderinfo/InfoStructs.hpp[K
[1/14] Generating codegen/include/lbrulibs/pacmancardreaderinfo/InfoNljs.hpp[K
[2/14] Generating codegen/include/lbrulibs/pacmancardreaderinfo/InfoStructs.hpp[K
[3/14] Generating codegen/include/lbrulibs/pacmancardreader/Nljs.hpp[K
[4/14] Generating codegen/include/lbrulibs/pacmancardreader/Structs.hpp[K
[4/14] Building CXX object lbrulibs/CMakeFiles/ZMQLink_test.dir/unittest/ZMQLink_test.cxx.o[K
[4/14] Building CXX object lbrulibs/CMakeFile...PubSub_test.dir/unittest/ZMQPubSub_test.cxx.o[K
[4/14] Building CXX object lbrulibs/CMakeFile...eDAQModule.dir/plugins/PacmanCardReader.cpp.o[K
[4/14] Building CXX object lbrulibs/CMakeFile...Stream_test.dir/unittest/ZMQStream_test.cxx.o[K
[4/14] Building CXX object lbrulibs/CMakeFile...rame_test.dir/unittest/PacmanFrame_test.cxx.o[K
[5/14] Building CXX object lbrulibs/CMakeFile...rame_test.dir/unittest/PacmanFrame_test.cxx.o[K
[5/14] Linking CXX executable lbrulibs/unittest/PacmanFrame_test[K
[6/14] Building CXX object lbrulibs/CMakeFile...PubSub_test.dir/unittest/ZMQPubSub_test.cxx.o[K
[6/14] Linking CXX executable lbrulibs/unittest/ZMQPubSub_test[K
[7/14] Building CXX object lbrulibs/CMakeFile...Stream_test.dir/unittest/ZMQStream_test.cxx.o[K
[7/14] Linking CXX executable lbrulibs/unittest/ZMQStream_test[K
[8/14] Linking CXX executable lbrulibs/unittest/PacmanFrame_test[K
[9/14] Linking CXX executable lbrulibs/unittest/ZMQPubSub_test[K
[10/14] Linking CXX executable lbrulibs/unittest/ZMQStream_test[K
[11/14] Building CXX object lbrulibs/CMakeFiles/ZMQLink_test.dir/unittest/ZMQLink_test.cxx.o[K
[11/14] Linking CXX executable lbrulibs/unittest/ZMQLink_test[K
[12/14] Linking CXX executable lbrulibs/unittest/ZMQLink_test[K
[13/14] Building CXX object lbrulibs/CMakeFil...eDAQModule.dir/plugins/PacmanCardReader.cpp.o[K
[13/14] Linking CXX shared module lbrulibs/pl...liblbrulibs_PacmanCardReader_duneDAQModule.so[K
[14/14] Linking CXX shared module lbrulibs/pl...liblbrulibs_PacmanCardReader_duneDAQModule.so[K
