The system is: Linux - 3.10.0-1160.36.2.el7.x86_64 - x86_64
Compiling the C compiler identification source file "CMakeCCompilerId.c" succeeded.
Compiler: /cvmfs/dunedaq-development.opensciencegrid.org/nightly/N21-12-02/externals/gcc/v8_2_0/Linux64bit+3.10-2.17/bin/cc 
Build flags: 
Id flags:  

The output was:
0


Compilation of the C compiler identification source "CMakeCCompilerId.c" produced "a.out"

The C compiler identification is GNU, found in "/home/ccox/N2Dec21TEST/build/CMakeFiles/3.17.2/CompilerIdC/a.out"

Compiling the CXX compiler identification source file "CMakeCXXCompilerId.cpp" succeeded.
Compiler: /cvmfs/dunedaq-development.opensciencegrid.org/nightly/N21-12-02/externals/gcc/v8_2_0/Linux64bit+3.10-2.17/bin/c++ 
Build flags: 
Id flags:  

The output was:
0


Compilation of the CXX compiler identification source "CMakeCXXCompilerId.cpp" produced "a.out"

The CXX compiler identification is GNU, found in "/home/ccox/N2Dec21TEST/build/CMakeFiles/3.17.2/CompilerIdCXX/a.out"

Determining if the C compiler works passed with the following output:
Change Dir: /home/ccox/N2Dec21TEST/build/CMakeFiles/CMakeTmp

Run Build Command(s):/cvmfs/dunedaq-development.opensciencegrid.org/nightly/N21-12-02/externals/ninja/v1_10_0/Linux64bit+3.10-2.17/bin/ninja cmTC_4088f && [1/2] Building C object CMakeFiles/cmTC_4088f.dir/testCCompiler.c.o
[2/2] Linking C executable cmTC_4088f



Detecting C compiler ABI info compiled with the following output:
Change Dir: /home/ccox/N2Dec21TEST/build/CMakeFiles/CMakeTmp

Run Build Command(s):/cvmfs/dunedaq-development.opensciencegrid.org/nightly/N21-12-02/externals/ninja/v1_10_0/Linux64bit+3.10-2.17/bin/ninja cmTC_51112 && [1/2] Building C object CMakeFiles/cmTC_51112.dir/CMakeCCompilerABI.c.o
Using built-in specs.
COLLECT_GCC=/cvmfs/dunedaq-development.opensciencegrid.org/nightly/N21-12-02/externals/gcc/v8_2_0/Linux64bit+3.10-2.17/bin/cc
Target: x86_64-pc-linux-gnu
Configured with: ./configure --prefix=/home/greenc/work/cet-is/test-products/gcc/v8_2_0/Linux64bit+3.10-2.17 --disable-libgcj --enable-threads=posix --enable-__cxa_atexit --enable-languages=c,c++,fortran,lto --with-system-zlib --enable-libstdcxx-time=rt --enable-stage1-checking=yes --enable-checking=release --enable-plugin --enable-lto
Thread model: posix
gcc version 8.2.0 (GCC) 
COLLECT_GCC_OPTIONS='-v' '-o' 'CMakeFiles/cmTC_51112.dir/CMakeCCompilerABI.c.o' '-c' '-mtune=generic' '-march=x86-64'
 /cvmfs/dunedaq.opensciencegrid.org/products/gcc/v8_2_0/Linux64bit+3.10-2.17/bin/../libexec/gcc/x86_64-pc-linux-gnu/8.2.0/cc1 -quiet -v -iprefix /cvmfs/dunedaq.opensciencegrid.org/products/gcc/v8_2_0/Linux64bit+3.10-2.17/bin/../lib/gcc/x86_64-pc-linux-gnu/8.2.0/ /cvmfs/dunedaq.opensciencegrid.org/products/cmake/v3_17_2/Linux64bit+3.10-2.17/share/cmake-3.17/Modules/CMakeCCompilerABI.c -quiet -dumpbase CMakeCCompilerABI.c -mtune=generic -march=x86-64 -auxbase-strip CMakeFiles/cmTC_51112.dir/CMakeCCompilerABI.c.o -version -o /tmp/ccox/ccORWgHg.s
GNU C17 (GCC) version 8.2.0 (x86_64-pc-linux-gnu)
	compiled by GNU C version 8.2.0, GMP version 6.1.2, MPFR version 4.0.1-p11, MPC version 1.1.0, isl version isl-0.18-GMP

GGC heuristics: --param ggc-min-expand=100 --param ggc-min-heapsize=131072
ignoring nonexistent directory "/cvmfs/dunedaq.opensciencegrid.org/products/gcc/v8_2_0/Linux64bit+3.10-2.17/bin/../lib/gcc/x86_64-pc-linux-gnu/8.2.0/../../../../x86_64-pc-linux-gnu/include"
ignoring duplicate directory "/cvmfs/dunedaq.opensciencegrid.org/products/gcc/v8_2_0/Linux64bit+3.10-2.17/bin/../lib/gcc/../../lib/gcc/x86_64-pc-linux-gnu/8.2.0/include"
ignoring duplicate directory "/cvmfs/dunedaq.opensciencegrid.org/products/gcc/v8_2_0/Linux64bit+3.10-2.17/bin/../lib/gcc/../../lib/gcc/x86_64-pc-linux-gnu/8.2.0/include-fixed"
ignoring nonexistent directory "/cvmfs/dunedaq.opensciencegrid.org/products/gcc/v8_2_0/Linux64bit+3.10-2.17/bin/../lib/gcc/../../lib/gcc/x86_64-pc-linux-gnu/8.2.0/../../../../x86_64-pc-linux-gnu/include"
#include "..." search starts here:
#include <...> search starts here:
 /cvmfs/dunedaq-development.opensciencegrid.org/nightly/N21-12-02/externals/tbb/v2020_2a/Linux64bit+3.10-2.17-e19-prof/include
 /cvmfs/dunedaq.opensciencegrid.org/products/gcc/v8_2_0/Linux64bit+3.10-2.17/bin/../lib/gcc/x86_64-pc-linux-gnu/8.2.0/include
 /cvmfs/dunedaq.opensciencegrid.org/products/gcc/v8_2_0/Linux64bit+3.10-2.17/bin/../lib/gcc/x86_64-pc-linux-gnu/8.2.0/include-fixed
 /usr/local/include
 /cvmfs/dunedaq.opensciencegrid.org/products/gcc/v8_2_0/Linux64bit+3.10-2.17/bin/../lib/gcc/../../include
 /usr/include
End of search list.
GNU C17 (GCC) version 8.2.0 (x86_64-pc-linux-gnu)
	compiled by GNU C version 8.2.0, GMP version 6.1.2, MPFR version 4.0.1-p11, MPC version 1.1.0, isl version isl-0.18-GMP

GGC heuristics: --param ggc-min-expand=100 --param ggc-min-heapsize=131072
Compiler executable checksum: 6891e462ee02f4c77913638a11a863b7
COLLECT_GCC_OPTIONS='-v' '-o' 'CMakeFiles/cmTC_51112.dir/CMakeCCompilerABI.c.o' '-c' '-mtune=generic' '-march=x86-64'
 as -v --64 -o CMakeFiles/cmTC_51112.dir/CMakeCCompilerABI.c.o /tmp/ccox/ccORWgHg.s
GNU assembler version 2.27 (x86_64-redhat-linux) using BFD version version 2.27-44.base.el7_9.1
COMPILER_PATH=/cvmfs/dunedaq.opensciencegrid.org/products/gcc/v8_2_0/Linux64bit+3.10-2.17/bin/../libexec/gcc/x86_64-pc-linux-gnu/8.2.0/:/cvmfs/dunedaq.opensciencegrid.org/products/gcc/v8_2_0/Linux64bit+3.10-2.17/bin/../libexec/gcc/:/cvmfs/dunedaq-development.opensciencegrid.org/nightly/N21-12-02/externals/gcc/v8_2_0/Linux64bit+3.10-2.17/bin/
LIBRARY_PATH=/cvmfs/dunedaq.opensciencegrid.org/products/gcc/v8_2_0/Linux64bit+3.10-2.17/bin/../lib/gcc/x86_64-pc-linux-gnu/8.2.0/:/cvmfs/dunedaq.opensciencegrid.org/products/gcc/v8_2_0/Linux64bit+3.10-2.17/bin/../lib/gcc/:/cvmfs/dunedaq.opensciencegrid.org/products/gcc/v8_2_0/Linux64bit+3.10-2.17/bin/../lib/gcc/x86_64-pc-linux-gnu/8.2.0/../../../../lib64/:/lib/../lib64/:/usr/lib/../lib64/:/cvmfs/dunedaq.opensciencegrid.org/products/gcc/v8_2_0/Linux64bit+3.10-2.17/bin/../lib/gcc/x86_64-pc-linux-gnu/8.2.0/../../../:/lib/:/usr/lib/
COLLECT_GCC_OPTIONS='-v' '-o' 'CMakeFiles/cmTC_51112.dir/CMakeCCompilerABI.c.o' '-c' '-mtune=generic' '-march=x86-64'
[2/2] Linking C executable cmTC_51112
Using built-in specs.
COLLECT_GCC=/cvmfs/dunedaq-development.opensciencegrid.org/nightly/N21-12-02/externals/gcc/v8_2_0/Linux64bit+3.10-2.17/bin/cc
COLLECT_LTO_WRAPPER=/cvmfs/dunedaq.opensciencegrid.org/products/gcc/v8_2_0/Linux64bit+3.10-2.17/bin/../libexec/gcc/x86_64-pc-linux-gnu/8.2.0/lto-wrapper
Target: x86_64-pc-linux-gnu
Configured with: ./configure --prefix=/home/greenc/work/cet-is/test-products/gcc/v8_2_0/Linux64bit+3.10-2.17 --disable-libgcj --enable-threads=posix --enable-__cxa_atexit --enable-languages=c,c++,fortran,lto --with-system-zlib --enable-libstdcxx-time=rt --enable-stage1-checking=yes --enable-checking=release --enable-plugin --enable-lto
Thread model: posix
gcc version 8.2.0 (GCC) 
COMPILER_PATH=/cvmfs/dunedaq.opensciencegrid.org/products/gcc/v8_2_0/Linux64bit+3.10-2.17/bin/../libexec/gcc/x86_64-pc-linux-gnu/8.2.0/:/cvmfs/dunedaq.opensciencegrid.org/products/gcc/v8_2_0/Linux64bit+3.10-2.17/bin/../libexec/gcc/:/cvmfs/dunedaq-development.opensciencegrid.org/nightly/N21-12-02/externals/gcc/v8_2_0/Linux64bit+3.10-2.17/bin/
LIBRARY_PATH=/cvmfs/dunedaq.opensciencegrid.org/products/gcc/v8_2_0/Linux64bit+3.10-2.17/bin/../lib/gcc/x86_64-pc-linux-gnu/8.2.0/:/cvmfs/dunedaq.opensciencegrid.org/products/gcc/v8_2_0/Linux64bit+3.10-2.17/bin/../lib/gcc/:/cvmfs/dunedaq.opensciencegrid.org/products/gcc/v8_2_0/Linux64bit+3.10-2.17/bin/../lib/gcc/x86_64-pc-linux-gnu/8.2.0/../../../../lib64/:/lib/../lib64/:/usr/lib/../lib64/:/cvmfs/dunedaq.opensciencegrid.org/products/gcc/v8_2_0/Linux64bit+3.10-2.17/bin/../lib/gcc/x86_64-pc-linux-gnu/8.2.0/../../../:/lib/:/usr/lib/
COLLECT_GCC_OPTIONS='-v' '-o' 'cmTC_51112' '-mtune=generic' '-march=x86-64'
 /cvmfs/dunedaq.opensciencegrid.org/products/gcc/v8_2_0/Linux64bit+3.10-2.17/bin/../libexec/gcc/x86_64-pc-linux-gnu/8.2.0/collect2 -plugin /cvmfs/dunedaq.opensciencegrid.org/products/gcc/v8_2_0/Linux64bit+3.10-2.17/bin/../libexec/gcc/x86_64-pc-linux-gnu/8.2.0/liblto_plugin.so -plugin-opt=/cvmfs/dunedaq.opensciencegrid.org/products/gcc/v8_2_0/Linux64bit+3.10-2.17/bin/../libexec/gcc/x86_64-pc-linux-gnu/8.2.0/lto-wrapper -plugin-opt=-fresolution=/tmp/ccox/ccBJPVIr.res -plugin-opt=-pass-through=-lgcc -plugin-opt=-pass-through=-lgcc_s -plugin-opt=-pass-through=-lc -plugin-opt=-pass-through=-lgcc -plugin-opt=-pass-through=-lgcc_s --eh-frame-hdr -m elf_x86_64 -dynamic-linker /lib64/ld-linux-x86-64.so.2 -o cmTC_51112 /lib/../lib64/crt1.o /lib/../lib64/crti.o /cvmfs/dunedaq.opensciencegrid.org/products/gcc/v8_2_0/Linux64bit+3.10-2.17/bin/../lib/gcc/x86_64-pc-linux-gnu/8.2.0/crtbegin.o -L/cvmfs/dunedaq.opensciencegrid.org/products/gcc/v8_2_0/Linux64bit+3.10-2.17/bin/../lib/gcc/x86_64-pc-linux-gnu/8.2.0 -L/cvmfs/dunedaq.opensciencegrid.org/products/gcc/v8_2_0/Linux64bit+3.10-2.17/bin/../lib/gcc -L/cvmfs/dunedaq.opensciencegrid.org/products/gcc/v8_2_0/Linux64bit+3.10-2.17/bin/../lib/gcc/x86_64-pc-linux-gnu/8.2.0/../../../../lib64 -L/lib/../lib64 -L/usr/lib/../lib64 -L/cvmfs/dunedaq.opensciencegrid.org/products/gcc/v8_2_0/Linux64bit+3.10-2.17/bin/../lib/gcc/x86_64-pc-linux-gnu/8.2.0/../../.. CMakeFiles/cmTC_51112.dir/CMakeCCompilerABI.c.o -lgcc --as-needed -lgcc_s --no-as-needed -lc -lgcc --as-needed -lgcc_s --no-as-needed /cvmfs/dunedaq.opensciencegrid.org/products/gcc/v8_2_0/Linux64bit+3.10-2.17/bin/../lib/gcc/x86_64-pc-linux-gnu/8.2.0/crtend.o /lib/../lib64/crtn.o
COLLECT_GCC_OPTIONS='-v' '-o' 'cmTC_51112' '-mtune=generic' '-march=x86-64'



Parsed C implicit include dir info from above output: rv=done
  found start of include info
  found start of implicit include info
    add: [/cvmfs/dunedaq-development.opensciencegrid.org/nightly/N21-12-02/externals/tbb/v2020_2a/Linux64bit+3.10-2.17-e19-prof/include]
    add: [/cvmfs/dunedaq.opensciencegrid.org/products/gcc/v8_2_0/Linux64bit+3.10-2.17/bin/../lib/gcc/x86_64-pc-linux-gnu/8.2.0/include]
    add: [/cvmfs/dunedaq.opensciencegrid.org/products/gcc/v8_2_0/Linux64bit+3.10-2.17/bin/../lib/gcc/x86_64-pc-linux-gnu/8.2.0/include-fixed]
    add: [/usr/local/include]
    add: [/cvmfs/dunedaq.opensciencegrid.org/products/gcc/v8_2_0/Linux64bit+3.10-2.17/bin/../lib/gcc/../../include]
    add: [/usr/include]
  end of search list found
  collapse include dir [/cvmfs/dunedaq-development.opensciencegrid.org/nightly/N21-12-02/externals/tbb/v2020_2a/Linux64bit+3.10-2.17-e19-prof/include] ==> [/cvmfs/dunedaq-development.opensciencegrid.org/nightly/N21-12-02/externals/tbb/v2020_2a/Linux64bit+3.10-2.17-e19-prof/include]
  collapse include dir [/cvmfs/dunedaq.opensciencegrid.org/products/gcc/v8_2_0/Linux64bit+3.10-2.17/bin/../lib/gcc/x86_64-pc-linux-gnu/8.2.0/include] ==> [/cvmfs/dunedaq.opensciencegrid.org/products/gcc/v8_2_0/Linux64bit+3.10-2.17/lib/gcc/x86_64-pc-linux-gnu/8.2.0/include]
  collapse include dir [/cvmfs/dunedaq.opensciencegrid.org/products/gcc/v8_2_0/Linux64bit+3.10-2.17/bin/../lib/gcc/x86_64-pc-linux-gnu/8.2.0/include-fixed] ==> [/cvmfs/dunedaq.opensciencegrid.org/products/gcc/v8_2_0/Linux64bit+3.10-2.17/lib/gcc/x86_64-pc-linux-gnu/8.2.0/include-fixed]
  collapse include dir [/usr/local/include] ==> [/usr/local/include]
  collapse include dir [/cvmfs/dunedaq.opensciencegrid.org/products/gcc/v8_2_0/Linux64bit+3.10-2.17/bin/../lib/gcc/../../include] ==> [/cvmfs/dunedaq.opensciencegrid.org/products/gcc/v8_2_0/Linux64bit+3.10-2.17/include]
  collapse include dir [/usr/include] ==> [/usr/include]
  implicit include dirs: [/cvmfs/dunedaq-development.opensciencegrid.org/nightly/N21-12-02/externals/tbb/v2020_2a/Linux64bit+3.10-2.17-e19-prof/include;/cvmfs/dunedaq.opensciencegrid.org/products/gcc/v8_2_0/Linux64bit+3.10-2.17/lib/gcc/x86_64-pc-linux-gnu/8.2.0/include;/cvmfs/dunedaq.opensciencegrid.org/products/gcc/v8_2_0/Linux64bit+3.10-2.17/lib/gcc/x86_64-pc-linux-gnu/8.2.0/include-fixed;/usr/local/include;/cvmfs/dunedaq.opensciencegrid.org/products/gcc/v8_2_0/Linux64bit+3.10-2.17/include;/usr/include]


Parsed C implicit link information from above output:
  link line regex: [^( *|.*[/\])(ld|CMAKE_LINK_STARTFILE-NOTFOUND|([^/\]+-)?ld|collect2)[^/\]*( |$)]
  ignore line: [Change Dir: /home/ccox/N2Dec21TEST/build/CMakeFiles/CMakeTmp]
  ignore line: []
  ignore line: [Run Build Command(s):/cvmfs/dunedaq-development.opensciencegrid.org/nightly/N21-12-02/externals/ninja/v1_10_0/Linux64bit+3.10-2.17/bin/ninja cmTC_51112 && [1/2] Building C object CMakeFiles/cmTC_51112.dir/CMakeCCompilerABI.c.o]
  ignore line: [Using built-in specs.]
  ignore line: [COLLECT_GCC=/cvmfs/dunedaq-development.opensciencegrid.org/nightly/N21-12-02/externals/gcc/v8_2_0/Linux64bit+3.10-2.17/bin/cc]
  ignore line: [Target: x86_64-pc-linux-gnu]
  ignore line: [Configured with: ./configure --prefix=/home/greenc/work/cet-is/test-products/gcc/v8_2_0/Linux64bit+3.10-2.17 --disable-libgcj --enable-threads=posix --enable-__cxa_atexit --enable-languages=c c++ fortran lto --with-system-zlib --enable-libstdcxx-time=rt --enable-stage1-checking=yes --enable-checking=release --enable-plugin --enable-lto]
  ignore line: [Thread model: posix]
  ignore line: [gcc version 8.2.0 (GCC) ]
  ignore line: [COLLECT_GCC_OPTIONS='-v' '-o' 'CMakeFiles/cmTC_51112.dir/CMakeCCompilerABI.c.o' '-c' '-mtune=generic' '-march=x86-64']
  ignore line: [ /cvmfs/dunedaq.opensciencegrid.org/products/gcc/v8_2_0/Linux64bit+3.10-2.17/bin/../libexec/gcc/x86_64-pc-linux-gnu/8.2.0/cc1 -quiet -v -iprefix /cvmfs/dunedaq.opensciencegrid.org/products/gcc/v8_2_0/Linux64bit+3.10-2.17/bin/../lib/gcc/x86_64-pc-linux-gnu/8.2.0/ /cvmfs/dunedaq.opensciencegrid.org/products/cmake/v3_17_2/Linux64bit+3.10-2.17/share/cmake-3.17/Modules/CMakeCCompilerABI.c -quiet -dumpbase CMakeCCompilerABI.c -mtune=generic -march=x86-64 -auxbase-strip CMakeFiles/cmTC_51112.dir/CMakeCCompilerABI.c.o -version -o /tmp/ccox/ccORWgHg.s]
  ignore line: [GNU C17 (GCC) version 8.2.0 (x86_64-pc-linux-gnu)]
  ignore line: [	compiled by GNU C version 8.2.0  GMP version 6.1.2  MPFR version 4.0.1-p11  MPC version 1.1.0  isl version isl-0.18-GMP]
  ignore line: []
  ignore line: [GGC heuristics: --param ggc-min-expand=100 --param ggc-min-heapsize=131072]
  ignore line: [ignoring nonexistent directory "/cvmfs/dunedaq.opensciencegrid.org/products/gcc/v8_2_0/Linux64bit+3.10-2.17/bin/../lib/gcc/x86_64-pc-linux-gnu/8.2.0/../../../../x86_64-pc-linux-gnu/include"]
  ignore line: [ignoring duplicate directory "/cvmfs/dunedaq.opensciencegrid.org/products/gcc/v8_2_0/Linux64bit+3.10-2.17/bin/../lib/gcc/../../lib/gcc/x86_64-pc-linux-gnu/8.2.0/include"]
  ignore line: [ignoring duplicate directory "/cvmfs/dunedaq.opensciencegrid.org/products/gcc/v8_2_0/Linux64bit+3.10-2.17/bin/../lib/gcc/../../lib/gcc/x86_64-pc-linux-gnu/8.2.0/include-fixed"]
  ignore line: [ignoring nonexistent directory "/cvmfs/dunedaq.opensciencegrid.org/products/gcc/v8_2_0/Linux64bit+3.10-2.17/bin/../lib/gcc/../../lib/gcc/x86_64-pc-linux-gnu/8.2.0/../../../../x86_64-pc-linux-gnu/include"]
  ignore line: [#include "..." search starts here:]
  ignore line: [#include <...> search starts here:]
  ignore line: [ /cvmfs/dunedaq-development.opensciencegrid.org/nightly/N21-12-02/externals/tbb/v2020_2a/Linux64bit+3.10-2.17-e19-prof/include]
  ignore line: [ /cvmfs/dunedaq.opensciencegrid.org/products/gcc/v8_2_0/Linux64bit+3.10-2.17/bin/../lib/gcc/x86_64-pc-linux-gnu/8.2.0/include]
  ignore line: [ /cvmfs/dunedaq.opensciencegrid.org/products/gcc/v8_2_0/Linux64bit+3.10-2.17/bin/../lib/gcc/x86_64-pc-linux-gnu/8.2.0/include-fixed]
  ignore line: [ /usr/local/include]
  ignore line: [ /cvmfs/dunedaq.opensciencegrid.org/products/gcc/v8_2_0/Linux64bit+3.10-2.17/bin/../lib/gcc/../../include]
  ignore line: [ /usr/include]
  ignore line: [End of search list.]
  ignore line: [GNU C17 (GCC) version 8.2.0 (x86_64-pc-linux-gnu)]
  ignore line: [	compiled by GNU C version 8.2.0  GMP version 6.1.2  MPFR version 4.0.1-p11  MPC version 1.1.0  isl version isl-0.18-GMP]
  ignore line: []
  ignore line: [GGC heuristics: --param ggc-min-expand=100 --param ggc-min-heapsize=131072]
  ignore line: [Compiler executable checksum: 6891e462ee02f4c77913638a11a863b7]
  ignore line: [COLLECT_GCC_OPTIONS='-v' '-o' 'CMakeFiles/cmTC_51112.dir/CMakeCCompilerABI.c.o' '-c' '-mtune=generic' '-march=x86-64']
  ignore line: [ as -v --64 -o CMakeFiles/cmTC_51112.dir/CMakeCCompilerABI.c.o /tmp/ccox/ccORWgHg.s]
  ignore line: [GNU assembler version 2.27 (x86_64-redhat-linux) using BFD version version 2.27-44.base.el7_9.1]
  ignore line: [COMPILER_PATH=/cvmfs/dunedaq.opensciencegrid.org/products/gcc/v8_2_0/Linux64bit+3.10-2.17/bin/../libexec/gcc/x86_64-pc-linux-gnu/8.2.0/:/cvmfs/dunedaq.opensciencegrid.org/products/gcc/v8_2_0/Linux64bit+3.10-2.17/bin/../libexec/gcc/:/cvmfs/dunedaq-development.opensciencegrid.org/nightly/N21-12-02/externals/gcc/v8_2_0/Linux64bit+3.10-2.17/bin/]
  ignore line: [LIBRARY_PATH=/cvmfs/dunedaq.opensciencegrid.org/products/gcc/v8_2_0/Linux64bit+3.10-2.17/bin/../lib/gcc/x86_64-pc-linux-gnu/8.2.0/:/cvmfs/dunedaq.opensciencegrid.org/products/gcc/v8_2_0/Linux64bit+3.10-2.17/bin/../lib/gcc/:/cvmfs/dunedaq.opensciencegrid.org/products/gcc/v8_2_0/Linux64bit+3.10-2.17/bin/../lib/gcc/x86_64-pc-linux-gnu/8.2.0/../../../../lib64/:/lib/../lib64/:/usr/lib/../lib64/:/cvmfs/dunedaq.opensciencegrid.org/products/gcc/v8_2_0/Linux64bit+3.10-2.17/bin/../lib/gcc/x86_64-pc-linux-gnu/8.2.0/../../../:/lib/:/usr/lib/]
  ignore line: [COLLECT_GCC_OPTIONS='-v' '-o' 'CMakeFiles/cmTC_51112.dir/CMakeCCompilerABI.c.o' '-c' '-mtune=generic' '-march=x86-64']
  ignore line: [[2/2] Linking C executable cmTC_51112]
  ignore line: [Using built-in specs.]
  ignore line: [COLLECT_GCC=/cvmfs/dunedaq-development.opensciencegrid.org/nightly/N21-12-02/externals/gcc/v8_2_0/Linux64bit+3.10-2.17/bin/cc]
  ignore line: [COLLECT_LTO_WRAPPER=/cvmfs/dunedaq.opensciencegrid.org/products/gcc/v8_2_0/Linux64bit+3.10-2.17/bin/../libexec/gcc/x86_64-pc-linux-gnu/8.2.0/lto-wrapper]
  ignore line: [Target: x86_64-pc-linux-gnu]
  ignore line: [Configured with: ./configure --prefix=/home/greenc/work/cet-is/test-products/gcc/v8_2_0/Linux64bit+3.10-2.17 --disable-libgcj --enable-threads=posix --enable-__cxa_atexit --enable-languages=c c++ fortran lto --with-system-zlib --enable-libstdcxx-time=rt --enable-stage1-checking=yes --enable-checking=release --enable-plugin --enable-lto]
  ignore line: [Thread model: posix]
  ignore line: [gcc version 8.2.0 (GCC) ]
  ignore line: [COMPILER_PATH=/cvmfs/dunedaq.opensciencegrid.org/products/gcc/v8_2_0/Linux64bit+3.10-2.17/bin/../libexec/gcc/x86_64-pc-linux-gnu/8.2.0/:/cvmfs/dunedaq.opensciencegrid.org/products/gcc/v8_2_0/Linux64bit+3.10-2.17/bin/../libexec/gcc/:/cvmfs/dunedaq-development.opensciencegrid.org/nightly/N21-12-02/externals/gcc/v8_2_0/Linux64bit+3.10-2.17/bin/]
  ignore line: [LIBRARY_PATH=/cvmfs/dunedaq.opensciencegrid.org/products/gcc/v8_2_0/Linux64bit+3.10-2.17/bin/../lib/gcc/x86_64-pc-linux-gnu/8.2.0/:/cvmfs/dunedaq.opensciencegrid.org/products/gcc/v8_2_0/Linux64bit+3.10-2.17/bin/../lib/gcc/:/cvmfs/dunedaq.opensciencegrid.org/products/gcc/v8_2_0/Linux64bit+3.10-2.17/bin/../lib/gcc/x86_64-pc-linux-gnu/8.2.0/../../../../lib64/:/lib/../lib64/:/usr/lib/../lib64/:/cvmfs/dunedaq.opensciencegrid.org/products/gcc/v8_2_0/Linux64bit+3.10-2.17/bin/../lib/gcc/x86_64-pc-linux-gnu/8.2.0/../../../:/lib/:/usr/lib/]
  ignore line: [COLLECT_GCC_OPTIONS='-v' '-o' 'cmTC_51112' '-mtune=generic' '-march=x86-64']
  link line: [ /cvmfs/dunedaq.opensciencegrid.org/products/gcc/v8_2_0/Linux64bit+3.10-2.17/bin/../libexec/gcc/x86_64-pc-linux-gnu/8.2.0/collect2 -plugin /cvmfs/dunedaq.opensciencegrid.org/products/gcc/v8_2_0/Linux64bit+3.10-2.17/bin/../libexec/gcc/x86_64-pc-linux-gnu/8.2.0/liblto_plugin.so -plugin-opt=/cvmfs/dunedaq.opensciencegrid.org/products/gcc/v8_2_0/Linux64bit+3.10-2.17/bin/../libexec/gcc/x86_64-pc-linux-gnu/8.2.0/lto-wrapper -plugin-opt=-fresolution=/tmp/ccox/ccBJPVIr.res -plugin-opt=-pass-through=-lgcc -plugin-opt=-pass-through=-lgcc_s -plugin-opt=-pass-through=-lc -plugin-opt=-pass-through=-lgcc -plugin-opt=-pass-through=-lgcc_s --eh-frame-hdr -m elf_x86_64 -dynamic-linker /lib64/ld-linux-x86-64.so.2 -o cmTC_51112 /lib/../lib64/crt1.o /lib/../lib64/crti.o /cvmfs/dunedaq.opensciencegrid.org/products/gcc/v8_2_0/Linux64bit+3.10-2.17/bin/../lib/gcc/x86_64-pc-linux-gnu/8.2.0/crtbegin.o -L/cvmfs/dunedaq.opensciencegrid.org/products/gcc/v8_2_0/Linux64bit+3.10-2.17/bin/../lib/gcc/x86_64-pc-linux-gnu/8.2.0 -L/cvmfs/dunedaq.opensciencegrid.org/products/gcc/v8_2_0/Linux64bit+3.10-2.17/bin/../lib/gcc -L/cvmfs/dunedaq.opensciencegrid.org/products/gcc/v8_2_0/Linux64bit+3.10-2.17/bin/../lib/gcc/x86_64-pc-linux-gnu/8.2.0/../../../../lib64 -L/lib/../lib64 -L/usr/lib/../lib64 -L/cvmfs/dunedaq.opensciencegrid.org/products/gcc/v8_2_0/Linux64bit+3.10-2.17/bin/../lib/gcc/x86_64-pc-linux-gnu/8.2.0/../../.. CMakeFiles/cmTC_51112.dir/CMakeCCompilerABI.c.o -lgcc --as-needed -lgcc_s --no-as-needed -lc -lgcc --as-needed -lgcc_s --no-as-needed /cvmfs/dunedaq.opensciencegrid.org/products/gcc/v8_2_0/Linux64bit+3.10-2.17/bin/../lib/gcc/x86_64-pc-linux-gnu/8.2.0/crtend.o /lib/../lib64/crtn.o]
    arg [/cvmfs/dunedaq.opensciencegrid.org/products/gcc/v8_2_0/Linux64bit+3.10-2.17/bin/../libexec/gcc/x86_64-pc-linux-gnu/8.2.0/collect2] ==> ignore
    arg [-plugin] ==> ignore
    arg [/cvmfs/dunedaq.opensciencegrid.org/products/gcc/v8_2_0/Linux64bit+3.10-2.17/bin/../libexec/gcc/x86_64-pc-linux-gnu/8.2.0/liblto_plugin.so] ==> ignore
    arg [-plugin-opt=/cvmfs/dunedaq.opensciencegrid.org/products/gcc/v8_2_0/Linux64bit+3.10-2.17/bin/../libexec/gcc/x86_64-pc-linux-gnu/8.2.0/lto-wrapper] ==> ignore
    arg [-plugin-opt=-fresolution=/tmp/ccox/ccBJPVIr.res] ==> ignore
    arg [-plugin-opt=-pass-through=-lgcc] ==> ignore
    arg [-plugin-opt=-pass-through=-lgcc_s] ==> ignore
    arg [-plugin-opt=-pass-through=-lc] ==> ignore
    arg [-plugin-opt=-pass-through=-lgcc] ==> ignore
    arg [-plugin-opt=-pass-through=-lgcc_s] ==> ignore
    arg [--eh-frame-hdr] ==> ignore
    arg [-m] ==> ignore
    arg [elf_x86_64] ==> ignore
    arg [-dynamic-linker] ==> ignore
    arg [/lib64/ld-linux-x86-64.so.2] ==> ignore
    arg [-o] ==> ignore
    arg [cmTC_51112] ==> ignore
    arg [/lib/../lib64/crt1.o] ==> ignore
    arg [/lib/../lib64/crti.o] ==> ignore
    arg [/cvmfs/dunedaq.opensciencegrid.org/products/gcc/v8_2_0/Linux64bit+3.10-2.17/bin/../lib/gcc/x86_64-pc-linux-gnu/8.2.0/crtbegin.o] ==> ignore
    arg [-L/cvmfs/dunedaq.opensciencegrid.org/products/gcc/v8_2_0/Linux64bit+3.10-2.17/bin/../lib/gcc/x86_64-pc-linux-gnu/8.2.0] ==> dir [/cvmfs/dunedaq.opensciencegrid.org/products/gcc/v8_2_0/Linux64bit+3.10-2.17/bin/../lib/gcc/x86_64-pc-linux-gnu/8.2.0]
    arg [-L/cvmfs/dunedaq.opensciencegrid.org/products/gcc/v8_2_0/Linux64bit+3.10-2.17/bin/../lib/gcc] ==> dir [/cvmfs/dunedaq.opensciencegrid.org/products/gcc/v8_2_0/Linux64bit+3.10-2.17/bin/../lib/gcc]
    arg [-L/cvmfs/dunedaq.opensciencegrid.org/products/gcc/v8_2_0/Linux64bit+3.10-2.17/bin/../lib/gcc/x86_64-pc-linux-gnu/8.2.0/../../../../lib64] ==> dir [/cvmfs/dunedaq.opensciencegrid.org/products/gcc/v8_2_0/Linux64bit+3.10-2.17/bin/../lib/gcc/x86_64-pc-linux-gnu/8.2.0/../../../../lib64]
    arg [-L/lib/../lib64] ==> dir [/lib/../lib64]
    arg [-L/usr/lib/../lib64] ==> dir [/usr/lib/../lib64]
    arg [-L/cvmfs/dunedaq.opensciencegrid.org/products/gcc/v8_2_0/Linux64bit+3.10-2.17/bin/../lib/gcc/x86_64-pc-linux-gnu/8.2.0/../../..] ==> dir [/cvmfs/dunedaq.opensciencegrid.org/products/gcc/v8_2_0/Linux64bit+3.10-2.17/bin/../lib/gcc/x86_64-pc-linux-gnu/8.2.0/../../..]
    arg [CMakeFiles/cmTC_51112.dir/CMakeCCompilerABI.c.o] ==> ignore
    arg [-lgcc] ==> lib [gcc]
    arg [--as-needed] ==> ignore
    arg [-lgcc_s] ==> lib [gcc_s]
    arg [--no-as-needed] ==> ignore
    arg [-lc] ==> lib [c]
    arg [-lgcc] ==> lib [gcc]
    arg [--as-needed] ==> ignore
    arg [-lgcc_s] ==> lib [gcc_s]
    arg [--no-as-needed] ==> ignore
    arg [/cvmfs/dunedaq.opensciencegrid.org/products/gcc/v8_2_0/Linux64bit+3.10-2.17/bin/../lib/gcc/x86_64-pc-linux-gnu/8.2.0/crtend.o] ==> ignore
    arg [/lib/../lib64/crtn.o] ==> ignore
  collapse library dir [/cvmfs/dunedaq.opensciencegrid.org/products/gcc/v8_2_0/Linux64bit+3.10-2.17/bin/../lib/gcc/x86_64-pc-linux-gnu/8.2.0] ==> [/cvmfs/dunedaq.opensciencegrid.org/products/gcc/v8_2_0/Linux64bit+3.10-2.17/lib/gcc/x86_64-pc-linux-gnu/8.2.0]
  collapse library dir [/cvmfs/dunedaq.opensciencegrid.org/products/gcc/v8_2_0/Linux64bit+3.10-2.17/bin/../lib/gcc] ==> [/cvmfs/dunedaq.opensciencegrid.org/products/gcc/v8_2_0/Linux64bit+3.10-2.17/lib/gcc]
  collapse library dir [/cvmfs/dunedaq.opensciencegrid.org/products/gcc/v8_2_0/Linux64bit+3.10-2.17/bin/../lib/gcc/x86_64-pc-linux-gnu/8.2.0/../../../../lib64] ==> [/cvmfs/dunedaq.opensciencegrid.org/products/gcc/v8_2_0/Linux64bit+3.10-2.17/lib64]
  collapse library dir [/lib/../lib64] ==> [/lib64]
  collapse library dir [/usr/lib/../lib64] ==> [/usr/lib64]
  collapse library dir [/cvmfs/dunedaq.opensciencegrid.org/products/gcc/v8_2_0/Linux64bit+3.10-2.17/bin/../lib/gcc/x86_64-pc-linux-gnu/8.2.0/../../..] ==> [/cvmfs/dunedaq.opensciencegrid.org/products/gcc/v8_2_0/Linux64bit+3.10-2.17/lib]
  implicit libs: [gcc;gcc_s;c;gcc;gcc_s]
  implicit dirs: [/cvmfs/dunedaq.opensciencegrid.org/products/gcc/v8_2_0/Linux64bit+3.10-2.17/lib/gcc/x86_64-pc-linux-gnu/8.2.0;/cvmfs/dunedaq.opensciencegrid.org/products/gcc/v8_2_0/Linux64bit+3.10-2.17/lib/gcc;/cvmfs/dunedaq.opensciencegrid.org/products/gcc/v8_2_0/Linux64bit+3.10-2.17/lib64;/lib64;/usr/lib64;/cvmfs/dunedaq.opensciencegrid.org/products/gcc/v8_2_0/Linux64bit+3.10-2.17/lib]
  implicit fwks: []


Determining if the CXX compiler works passed with the following output:
Change Dir: /home/ccox/N2Dec21TEST/build/CMakeFiles/CMakeTmp

Run Build Command(s):/cvmfs/dunedaq-development.opensciencegrid.org/nightly/N21-12-02/externals/ninja/v1_10_0/Linux64bit+3.10-2.17/bin/ninja cmTC_7d54b && [1/2] Building CXX object CMakeFiles/cmTC_7d54b.dir/testCXXCompiler.cxx.o
[2/2] Linking CXX executable cmTC_7d54b



Detecting CXX compiler ABI info compiled with the following output:
Change Dir: /home/ccox/N2Dec21TEST/build/CMakeFiles/CMakeTmp

Run Build Command(s):/cvmfs/dunedaq-development.opensciencegrid.org/nightly/N21-12-02/externals/ninja/v1_10_0/Linux64bit+3.10-2.17/bin/ninja cmTC_9f875 && [1/2] Building CXX object CMakeFiles/cmTC_9f875.dir/CMakeCXXCompilerABI.cpp.o
Using built-in specs.
COLLECT_GCC=/cvmfs/dunedaq-development.opensciencegrid.org/nightly/N21-12-02/externals/gcc/v8_2_0/Linux64bit+3.10-2.17/bin/c++
Target: x86_64-pc-linux-gnu
Configured with: ./configure --prefix=/home/greenc/work/cet-is/test-products/gcc/v8_2_0/Linux64bit+3.10-2.17 --disable-libgcj --enable-threads=posix --enable-__cxa_atexit --enable-languages=c,c++,fortran,lto --with-system-zlib --enable-libstdcxx-time=rt --enable-stage1-checking=yes --enable-checking=release --enable-plugin --enable-lto
Thread model: posix
gcc version 8.2.0 (GCC) 
COLLECT_GCC_OPTIONS='-v' '-o' 'CMakeFiles/cmTC_9f875.dir/CMakeCXXCompilerABI.cpp.o' '-c' '-shared-libgcc' '-mtune=generic' '-march=x86-64'
 /cvmfs/dunedaq.opensciencegrid.org/products/gcc/v8_2_0/Linux64bit+3.10-2.17/bin/../libexec/gcc/x86_64-pc-linux-gnu/8.2.0/cc1plus -quiet -v -iprefix /cvmfs/dunedaq.opensciencegrid.org/products/gcc/v8_2_0/Linux64bit+3.10-2.17/bin/../lib/gcc/x86_64-pc-linux-gnu/8.2.0/ -D_GNU_SOURCE /cvmfs/dunedaq.opensciencegrid.org/products/cmake/v3_17_2/Linux64bit+3.10-2.17/share/cmake-3.17/Modules/CMakeCXXCompilerABI.cpp -quiet -dumpbase CMakeCXXCompilerABI.cpp -mtune=generic -march=x86-64 -auxbase-strip CMakeFiles/cmTC_9f875.dir/CMakeCXXCompilerABI.cpp.o -version -o /tmp/ccox/cccl0a86.s
GNU C++14 (GCC) version 8.2.0 (x86_64-pc-linux-gnu)
	compiled by GNU C version 8.2.0, GMP version 6.1.2, MPFR version 4.0.1-p11, MPC version 1.1.0, isl version isl-0.18-GMP

GGC heuristics: --param ggc-min-expand=100 --param ggc-min-heapsize=131072
ignoring nonexistent directory "/cvmfs/dunedaq.opensciencegrid.org/products/gcc/v8_2_0/Linux64bit+3.10-2.17/bin/../lib/gcc/x86_64-pc-linux-gnu/8.2.0/../../../../x86_64-pc-linux-gnu/include"
ignoring duplicate directory "/cvmfs/dunedaq.opensciencegrid.org/products/gcc/v8_2_0/Linux64bit+3.10-2.17/bin/../lib/gcc/../../lib/gcc/x86_64-pc-linux-gnu/8.2.0/../../../../include/c++/8.2.0"
ignoring duplicate directory "/cvmfs/dunedaq.opensciencegrid.org/products/gcc/v8_2_0/Linux64bit+3.10-2.17/bin/../lib/gcc/../../lib/gcc/x86_64-pc-linux-gnu/8.2.0/../../../../include/c++/8.2.0/x86_64-pc-linux-gnu"
ignoring duplicate directory "/cvmfs/dunedaq.opensciencegrid.org/products/gcc/v8_2_0/Linux64bit+3.10-2.17/bin/../lib/gcc/../../lib/gcc/x86_64-pc-linux-gnu/8.2.0/../../../../include/c++/8.2.0/backward"
ignoring duplicate directory "/cvmfs/dunedaq.opensciencegrid.org/products/gcc/v8_2_0/Linux64bit+3.10-2.17/bin/../lib/gcc/../../lib/gcc/x86_64-pc-linux-gnu/8.2.0/include"
ignoring duplicate directory "/cvmfs/dunedaq.opensciencegrid.org/products/gcc/v8_2_0/Linux64bit+3.10-2.17/bin/../lib/gcc/../../lib/gcc/x86_64-pc-linux-gnu/8.2.0/include-fixed"
ignoring nonexistent directory "/cvmfs/dunedaq.opensciencegrid.org/products/gcc/v8_2_0/Linux64bit+3.10-2.17/bin/../lib/gcc/../../lib/gcc/x86_64-pc-linux-gnu/8.2.0/../../../../x86_64-pc-linux-gnu/include"
#include "..." search starts here:
#include <...> search starts here:
 /cvmfs/dunedaq-development.opensciencegrid.org/nightly/N21-12-02/externals/tbb/v2020_2a/Linux64bit+3.10-2.17-e19-prof/include
 /cvmfs/dunedaq.opensciencegrid.org/products/gcc/v8_2_0/Linux64bit+3.10-2.17/bin/../lib/gcc/x86_64-pc-linux-gnu/8.2.0/../../../../include/c++/8.2.0
 /cvmfs/dunedaq.opensciencegrid.org/products/gcc/v8_2_0/Linux64bit+3.10-2.17/bin/../lib/gcc/x86_64-pc-linux-gnu/8.2.0/../../../../include/c++/8.2.0/x86_64-pc-linux-gnu
 /cvmfs/dunedaq.opensciencegrid.org/products/gcc/v8_2_0/Linux64bit+3.10-2.17/bin/../lib/gcc/x86_64-pc-linux-gnu/8.2.0/../../../../include/c++/8.2.0/backward
 /cvmfs/dunedaq.opensciencegrid.org/products/gcc/v8_2_0/Linux64bit+3.10-2.17/bin/../lib/gcc/x86_64-pc-linux-gnu/8.2.0/include
 /cvmfs/dunedaq.opensciencegrid.org/products/gcc/v8_2_0/Linux64bit+3.10-2.17/bin/../lib/gcc/x86_64-pc-linux-gnu/8.2.0/include-fixed
 /usr/local/include
 /cvmfs/dunedaq.opensciencegrid.org/products/gcc/v8_2_0/Linux64bit+3.10-2.17/bin/../lib/gcc/../../include
 /usr/include
End of search list.
GNU C++14 (GCC) version 8.2.0 (x86_64-pc-linux-gnu)
	compiled by GNU C version 8.2.0, GMP version 6.1.2, MPFR version 4.0.1-p11, MPC version 1.1.0, isl version isl-0.18-GMP

GGC heuristics: --param ggc-min-expand=100 --param ggc-min-heapsize=131072
Compiler executable checksum: f2ca26f0533d8f2d0f0d6881403ce0e7
COLLECT_GCC_OPTIONS='-v' '-o' 'CMakeFiles/cmTC_9f875.dir/CMakeCXXCompilerABI.cpp.o' '-c' '-shared-libgcc' '-mtune=generic' '-march=x86-64'
 as -v --64 -o CMakeFiles/cmTC_9f875.dir/CMakeCXXCompilerABI.cpp.o /tmp/ccox/cccl0a86.s
GNU assembler version 2.27 (x86_64-redhat-linux) using BFD version version 2.27-44.base.el7_9.1
COMPILER_PATH=/cvmfs/dunedaq.opensciencegrid.org/products/gcc/v8_2_0/Linux64bit+3.10-2.17/bin/../libexec/gcc/x86_64-pc-linux-gnu/8.2.0/:/cvmfs/dunedaq.opensciencegrid.org/products/gcc/v8_2_0/Linux64bit+3.10-2.17/bin/../libexec/gcc/:/cvmfs/dunedaq-development.opensciencegrid.org/nightly/N21-12-02/externals/gcc/v8_2_0/Linux64bit+3.10-2.17/bin/
LIBRARY_PATH=/cvmfs/dunedaq.opensciencegrid.org/products/gcc/v8_2_0/Linux64bit+3.10-2.17/bin/../lib/gcc/x86_64-pc-linux-gnu/8.2.0/:/cvmfs/dunedaq.opensciencegrid.org/products/gcc/v8_2_0/Linux64bit+3.10-2.17/bin/../lib/gcc/:/cvmfs/dunedaq.opensciencegrid.org/products/gcc/v8_2_0/Linux64bit+3.10-2.17/bin/../lib/gcc/x86_64-pc-linux-gnu/8.2.0/../../../../lib64/:/lib/../lib64/:/usr/lib/../lib64/:/cvmfs/dunedaq.opensciencegrid.org/products/gcc/v8_2_0/Linux64bit+3.10-2.17/bin/../lib/gcc/x86_64-pc-linux-gnu/8.2.0/../../../:/lib/:/usr/lib/
COLLECT_GCC_OPTIONS='-v' '-o' 'CMakeFiles/cmTC_9f875.dir/CMakeCXXCompilerABI.cpp.o' '-c' '-shared-libgcc' '-mtune=generic' '-march=x86-64'
[2/2] Linking CXX executable cmTC_9f875
Using built-in specs.
COLLECT_GCC=/cvmfs/dunedaq-development.opensciencegrid.org/nightly/N21-12-02/externals/gcc/v8_2_0/Linux64bit+3.10-2.17/bin/c++
COLLECT_LTO_WRAPPER=/cvmfs/dunedaq.opensciencegrid.org/products/gcc/v8_2_0/Linux64bit+3.10-2.17/bin/../libexec/gcc/x86_64-pc-linux-gnu/8.2.0/lto-wrapper
Target: x86_64-pc-linux-gnu
Configured with: ./configure --prefix=/home/greenc/work/cet-is/test-products/gcc/v8_2_0/Linux64bit+3.10-2.17 --disable-libgcj --enable-threads=posix --enable-__cxa_atexit --enable-languages=c,c++,fortran,lto --with-system-zlib --enable-libstdcxx-time=rt --enable-stage1-checking=yes --enable-checking=release --enable-plugin --enable-lto
Thread model: posix
gcc version 8.2.0 (GCC) 
COMPILER_PATH=/cvmfs/dunedaq.opensciencegrid.org/products/gcc/v8_2_0/Linux64bit+3.10-2.17/bin/../libexec/gcc/x86_64-pc-linux-gnu/8.2.0/:/cvmfs/dunedaq.opensciencegrid.org/products/gcc/v8_2_0/Linux64bit+3.10-2.17/bin/../libexec/gcc/:/cvmfs/dunedaq-development.opensciencegrid.org/nightly/N21-12-02/externals/gcc/v8_2_0/Linux64bit+3.10-2.17/bin/
LIBRARY_PATH=/cvmfs/dunedaq.opensciencegrid.org/products/gcc/v8_2_0/Linux64bit+3.10-2.17/bin/../lib/gcc/x86_64-pc-linux-gnu/8.2.0/:/cvmfs/dunedaq.opensciencegrid.org/products/gcc/v8_2_0/Linux64bit+3.10-2.17/bin/../lib/gcc/:/cvmfs/dunedaq.opensciencegrid.org/products/gcc/v8_2_0/Linux64bit+3.10-2.17/bin/../lib/gcc/x86_64-pc-linux-gnu/8.2.0/../../../../lib64/:/lib/../lib64/:/usr/lib/../lib64/:/cvmfs/dunedaq.opensciencegrid.org/products/gcc/v8_2_0/Linux64bit+3.10-2.17/bin/../lib/gcc/x86_64-pc-linux-gnu/8.2.0/../../../:/lib/:/usr/lib/
COLLECT_GCC_OPTIONS='-v' '-o' 'cmTC_9f875' '-shared-libgcc' '-mtune=generic' '-march=x86-64'
 /cvmfs/dunedaq.opensciencegrid.org/products/gcc/v8_2_0/Linux64bit+3.10-2.17/bin/../libexec/gcc/x86_64-pc-linux-gnu/8.2.0/collect2 -plugin /cvmfs/dunedaq.opensciencegrid.org/products/gcc/v8_2_0/Linux64bit+3.10-2.17/bin/../libexec/gcc/x86_64-pc-linux-gnu/8.2.0/liblto_plugin.so -plugin-opt=/cvmfs/dunedaq.opensciencegrid.org/products/gcc/v8_2_0/Linux64bit+3.10-2.17/bin/../libexec/gcc/x86_64-pc-linux-gnu/8.2.0/lto-wrapper -plugin-opt=-fresolution=/tmp/ccox/ccFncOFo.res -plugin-opt=-pass-through=-lgcc_s -plugin-opt=-pass-through=-lgcc -plugin-opt=-pass-through=-lc -plugin-opt=-pass-through=-lgcc_s -plugin-opt=-pass-through=-lgcc --eh-frame-hdr -m elf_x86_64 -dynamic-linker /lib64/ld-linux-x86-64.so.2 -o cmTC_9f875 /lib/../lib64/crt1.o /lib/../lib64/crti.o /cvmfs/dunedaq.opensciencegrid.org/products/gcc/v8_2_0/Linux64bit+3.10-2.17/bin/../lib/gcc/x86_64-pc-linux-gnu/8.2.0/crtbegin.o -L/cvmfs/dunedaq.opensciencegrid.org/products/gcc/v8_2_0/Linux64bit+3.10-2.17/bin/../lib/gcc/x86_64-pc-linux-gnu/8.2.0 -L/cvmfs/dunedaq.opensciencegrid.org/products/gcc/v8_2_0/Linux64bit+3.10-2.17/bin/../lib/gcc -L/cvmfs/dunedaq.opensciencegrid.org/products/gcc/v8_2_0/Linux64bit+3.10-2.17/bin/../lib/gcc/x86_64-pc-linux-gnu/8.2.0/../../../../lib64 -L/lib/../lib64 -L/usr/lib/../lib64 -L/cvmfs/dunedaq.opensciencegrid.org/products/gcc/v8_2_0/Linux64bit+3.10-2.17/bin/../lib/gcc/x86_64-pc-linux-gnu/8.2.0/../../.. CMakeFiles/cmTC_9f875.dir/CMakeCXXCompilerABI.cpp.o -lstdc++ -lm -lgcc_s -lgcc -lc -lgcc_s -lgcc /cvmfs/dunedaq.opensciencegrid.org/products/gcc/v8_2_0/Linux64bit+3.10-2.17/bin/../lib/gcc/x86_64-pc-linux-gnu/8.2.0/crtend.o /lib/../lib64/crtn.o
COLLECT_GCC_OPTIONS='-v' '-o' 'cmTC_9f875' '-shared-libgcc' '-mtune=generic' '-march=x86-64'



Parsed CXX implicit include dir info from above output: rv=done
  found start of include info
  found start of implicit include info
    add: [/cvmfs/dunedaq-development.opensciencegrid.org/nightly/N21-12-02/externals/tbb/v2020_2a/Linux64bit+3.10-2.17-e19-prof/include]
    add: [/cvmfs/dunedaq.opensciencegrid.org/products/gcc/v8_2_0/Linux64bit+3.10-2.17/bin/../lib/gcc/x86_64-pc-linux-gnu/8.2.0/../../../../include/c++/8.2.0]
    add: [/cvmfs/dunedaq.opensciencegrid.org/products/gcc/v8_2_0/Linux64bit+3.10-2.17/bin/../lib/gcc/x86_64-pc-linux-gnu/8.2.0/../../../../include/c++/8.2.0/x86_64-pc-linux-gnu]
    add: [/cvmfs/dunedaq.opensciencegrid.org/products/gcc/v8_2_0/Linux64bit+3.10-2.17/bin/../lib/gcc/x86_64-pc-linux-gnu/8.2.0/../../../../include/c++/8.2.0/backward]
    add: [/cvmfs/dunedaq.opensciencegrid.org/products/gcc/v8_2_0/Linux64bit+3.10-2.17/bin/../lib/gcc/x86_64-pc-linux-gnu/8.2.0/include]
    add: [/cvmfs/dunedaq.opensciencegrid.org/products/gcc/v8_2_0/Linux64bit+3.10-2.17/bin/../lib/gcc/x86_64-pc-linux-gnu/8.2.0/include-fixed]
    add: [/usr/local/include]
    add: [/cvmfs/dunedaq.opensciencegrid.org/products/gcc/v8_2_0/Linux64bit+3.10-2.17/bin/../lib/gcc/../../include]
    add: [/usr/include]
  end of search list found
  collapse include dir [/cvmfs/dunedaq-development.opensciencegrid.org/nightly/N21-12-02/externals/tbb/v2020_2a/Linux64bit+3.10-2.17-e19-prof/include] ==> [/cvmfs/dunedaq-development.opensciencegrid.org/nightly/N21-12-02/externals/tbb/v2020_2a/Linux64bit+3.10-2.17-e19-prof/include]
  collapse include dir [/cvmfs/dunedaq.opensciencegrid.org/products/gcc/v8_2_0/Linux64bit+3.10-2.17/bin/../lib/gcc/x86_64-pc-linux-gnu/8.2.0/../../../../include/c++/8.2.0] ==> [/cvmfs/dunedaq.opensciencegrid.org/products/gcc/v8_2_0/Linux64bit+3.10-2.17/include/c++/8.2.0]
  collapse include dir [/cvmfs/dunedaq.opensciencegrid.org/products/gcc/v8_2_0/Linux64bit+3.10-2.17/bin/../lib/gcc/x86_64-pc-linux-gnu/8.2.0/../../../../include/c++/8.2.0/x86_64-pc-linux-gnu] ==> [/cvmfs/dunedaq.opensciencegrid.org/products/gcc/v8_2_0/Linux64bit+3.10-2.17/include/c++/8.2.0/x86_64-pc-linux-gnu]
  collapse include dir [/cvmfs/dunedaq.opensciencegrid.org/products/gcc/v8_2_0/Linux64bit+3.10-2.17/bin/../lib/gcc/x86_64-pc-linux-gnu/8.2.0/../../../../include/c++/8.2.0/backward] ==> [/cvmfs/dunedaq.opensciencegrid.org/products/gcc/v8_2_0/Linux64bit+3.10-2.17/include/c++/8.2.0/backward]
  collapse include dir [/cvmfs/dunedaq.opensciencegrid.org/products/gcc/v8_2_0/Linux64bit+3.10-2.17/bin/../lib/gcc/x86_64-pc-linux-gnu/8.2.0/include] ==> [/cvmfs/dunedaq.opensciencegrid.org/products/gcc/v8_2_0/Linux64bit+3.10-2.17/lib/gcc/x86_64-pc-linux-gnu/8.2.0/include]
  collapse include dir [/cvmfs/dunedaq.opensciencegrid.org/products/gcc/v8_2_0/Linux64bit+3.10-2.17/bin/../lib/gcc/x86_64-pc-linux-gnu/8.2.0/include-fixed] ==> [/cvmfs/dunedaq.opensciencegrid.org/products/gcc/v8_2_0/Linux64bit+3.10-2.17/lib/gcc/x86_64-pc-linux-gnu/8.2.0/include-fixed]
  collapse include dir [/usr/local/include] ==> [/usr/local/include]
  collapse include dir [/cvmfs/dunedaq.opensciencegrid.org/products/gcc/v8_2_0/Linux64bit+3.10-2.17/bin/../lib/gcc/../../include] ==> [/cvmfs/dunedaq.opensciencegrid.org/products/gcc/v8_2_0/Linux64bit+3.10-2.17/include]
  collapse include dir [/usr/include] ==> [/usr/include]
  implicit include dirs: [/cvmfs/dunedaq-development.opensciencegrid.org/nightly/N21-12-02/externals/tbb/v2020_2a/Linux64bit+3.10-2.17-e19-prof/include;/cvmfs/dunedaq.opensciencegrid.org/products/gcc/v8_2_0/Linux64bit+3.10-2.17/include/c++/8.2.0;/cvmfs/dunedaq.opensciencegrid.org/products/gcc/v8_2_0/Linux64bit+3.10-2.17/include/c++/8.2.0/x86_64-pc-linux-gnu;/cvmfs/dunedaq.opensciencegrid.org/products/gcc/v8_2_0/Linux64bit+3.10-2.17/include/c++/8.2.0/backward;/cvmfs/dunedaq.opensciencegrid.org/products/gcc/v8_2_0/Linux64bit+3.10-2.17/lib/gcc/x86_64-pc-linux-gnu/8.2.0/include;/cvmfs/dunedaq.opensciencegrid.org/products/gcc/v8_2_0/Linux64bit+3.10-2.17/lib/gcc/x86_64-pc-linux-gnu/8.2.0/include-fixed;/usr/local/include;/cvmfs/dunedaq.opensciencegrid.org/products/gcc/v8_2_0/Linux64bit+3.10-2.17/include;/usr/include]


Parsed CXX implicit link information from above output:
  link line regex: [^( *|.*[/\])(ld|CMAKE_LINK_STARTFILE-NOTFOUND|([^/\]+-)?ld|collect2)[^/\]*( |$)]
  ignore line: [Change Dir: /home/ccox/N2Dec21TEST/build/CMakeFiles/CMakeTmp]
  ignore line: []
  ignore line: [Run Build Command(s):/cvmfs/dunedaq-development.opensciencegrid.org/nightly/N21-12-02/externals/ninja/v1_10_0/Linux64bit+3.10-2.17/bin/ninja cmTC_9f875 && [1/2] Building CXX object CMakeFiles/cmTC_9f875.dir/CMakeCXXCompilerABI.cpp.o]
  ignore line: [Using built-in specs.]
  ignore line: [COLLECT_GCC=/cvmfs/dunedaq-development.opensciencegrid.org/nightly/N21-12-02/externals/gcc/v8_2_0/Linux64bit+3.10-2.17/bin/c++]
  ignore line: [Target: x86_64-pc-linux-gnu]
  ignore line: [Configured with: ./configure --prefix=/home/greenc/work/cet-is/test-products/gcc/v8_2_0/Linux64bit+3.10-2.17 --disable-libgcj --enable-threads=posix --enable-__cxa_atexit --enable-languages=c c++ fortran lto --with-system-zlib --enable-libstdcxx-time=rt --enable-stage1-checking=yes --enable-checking=release --enable-plugin --enable-lto]
  ignore line: [Thread model: posix]
  ignore line: [gcc version 8.2.0 (GCC) ]
  ignore line: [COLLECT_GCC_OPTIONS='-v' '-o' 'CMakeFiles/cmTC_9f875.dir/CMakeCXXCompilerABI.cpp.o' '-c' '-shared-libgcc' '-mtune=generic' '-march=x86-64']
  ignore line: [ /cvmfs/dunedaq.opensciencegrid.org/products/gcc/v8_2_0/Linux64bit+3.10-2.17/bin/../libexec/gcc/x86_64-pc-linux-gnu/8.2.0/cc1plus -quiet -v -iprefix /cvmfs/dunedaq.opensciencegrid.org/products/gcc/v8_2_0/Linux64bit+3.10-2.17/bin/../lib/gcc/x86_64-pc-linux-gnu/8.2.0/ -D_GNU_SOURCE /cvmfs/dunedaq.opensciencegrid.org/products/cmake/v3_17_2/Linux64bit+3.10-2.17/share/cmake-3.17/Modules/CMakeCXXCompilerABI.cpp -quiet -dumpbase CMakeCXXCompilerABI.cpp -mtune=generic -march=x86-64 -auxbase-strip CMakeFiles/cmTC_9f875.dir/CMakeCXXCompilerABI.cpp.o -version -o /tmp/ccox/cccl0a86.s]
  ignore line: [GNU C++14 (GCC) version 8.2.0 (x86_64-pc-linux-gnu)]
  ignore line: [	compiled by GNU C version 8.2.0  GMP version 6.1.2  MPFR version 4.0.1-p11  MPC version 1.1.0  isl version isl-0.18-GMP]
  ignore line: []
  ignore line: [GGC heuristics: --param ggc-min-expand=100 --param ggc-min-heapsize=131072]
  ignore line: [ignoring nonexistent directory "/cvmfs/dunedaq.opensciencegrid.org/products/gcc/v8_2_0/Linux64bit+3.10-2.17/bin/../lib/gcc/x86_64-pc-linux-gnu/8.2.0/../../../../x86_64-pc-linux-gnu/include"]
  ignore line: [ignoring duplicate directory "/cvmfs/dunedaq.opensciencegrid.org/products/gcc/v8_2_0/Linux64bit+3.10-2.17/bin/../lib/gcc/../../lib/gcc/x86_64-pc-linux-gnu/8.2.0/../../../../include/c++/8.2.0"]
  ignore line: [ignoring duplicate directory "/cvmfs/dunedaq.opensciencegrid.org/products/gcc/v8_2_0/Linux64bit+3.10-2.17/bin/../lib/gcc/../../lib/gcc/x86_64-pc-linux-gnu/8.2.0/../../../../include/c++/8.2.0/x86_64-pc-linux-gnu"]
  ignore line: [ignoring duplicate directory "/cvmfs/dunedaq.opensciencegrid.org/products/gcc/v8_2_0/Linux64bit+3.10-2.17/bin/../lib/gcc/../../lib/gcc/x86_64-pc-linux-gnu/8.2.0/../../../../include/c++/8.2.0/backward"]
  ignore line: [ignoring duplicate directory "/cvmfs/dunedaq.opensciencegrid.org/products/gcc/v8_2_0/Linux64bit+3.10-2.17/bin/../lib/gcc/../../lib/gcc/x86_64-pc-linux-gnu/8.2.0/include"]
  ignore line: [ignoring duplicate directory "/cvmfs/dunedaq.opensciencegrid.org/products/gcc/v8_2_0/Linux64bit+3.10-2.17/bin/../lib/gcc/../../lib/gcc/x86_64-pc-linux-gnu/8.2.0/include-fixed"]
  ignore line: [ignoring nonexistent directory "/cvmfs/dunedaq.opensciencegrid.org/products/gcc/v8_2_0/Linux64bit+3.10-2.17/bin/../lib/gcc/../../lib/gcc/x86_64-pc-linux-gnu/8.2.0/../../../../x86_64-pc-linux-gnu/include"]
  ignore line: [#include "..." search starts here:]
  ignore line: [#include <...> search starts here:]
  ignore line: [ /cvmfs/dunedaq-development.opensciencegrid.org/nightly/N21-12-02/externals/tbb/v2020_2a/Linux64bit+3.10-2.17-e19-prof/include]
  ignore line: [ /cvmfs/dunedaq.opensciencegrid.org/products/gcc/v8_2_0/Linux64bit+3.10-2.17/bin/../lib/gcc/x86_64-pc-linux-gnu/8.2.0/../../../../include/c++/8.2.0]
  ignore line: [ /cvmfs/dunedaq.opensciencegrid.org/products/gcc/v8_2_0/Linux64bit+3.10-2.17/bin/../lib/gcc/x86_64-pc-linux-gnu/8.2.0/../../../../include/c++/8.2.0/x86_64-pc-linux-gnu]
  ignore line: [ /cvmfs/dunedaq.opensciencegrid.org/products/gcc/v8_2_0/Linux64bit+3.10-2.17/bin/../lib/gcc/x86_64-pc-linux-gnu/8.2.0/../../../../include/c++/8.2.0/backward]
  ignore line: [ /cvmfs/dunedaq.opensciencegrid.org/products/gcc/v8_2_0/Linux64bit+3.10-2.17/bin/../lib/gcc/x86_64-pc-linux-gnu/8.2.0/include]
  ignore line: [ /cvmfs/dunedaq.opensciencegrid.org/products/gcc/v8_2_0/Linux64bit+3.10-2.17/bin/../lib/gcc/x86_64-pc-linux-gnu/8.2.0/include-fixed]
  ignore line: [ /usr/local/include]
  ignore line: [ /cvmfs/dunedaq.opensciencegrid.org/products/gcc/v8_2_0/Linux64bit+3.10-2.17/bin/../lib/gcc/../../include]
  ignore line: [ /usr/include]
  ignore line: [End of search list.]
  ignore line: [GNU C++14 (GCC) version 8.2.0 (x86_64-pc-linux-gnu)]
  ignore line: [	compiled by GNU C version 8.2.0  GMP version 6.1.2  MPFR version 4.0.1-p11  MPC version 1.1.0  isl version isl-0.18-GMP]
  ignore line: []
  ignore line: [GGC heuristics: --param ggc-min-expand=100 --param ggc-min-heapsize=131072]
  ignore line: [Compiler executable checksum: f2ca26f0533d8f2d0f0d6881403ce0e7]
  ignore line: [COLLECT_GCC_OPTIONS='-v' '-o' 'CMakeFiles/cmTC_9f875.dir/CMakeCXXCompilerABI.cpp.o' '-c' '-shared-libgcc' '-mtune=generic' '-march=x86-64']
  ignore line: [ as -v --64 -o CMakeFiles/cmTC_9f875.dir/CMakeCXXCompilerABI.cpp.o /tmp/ccox/cccl0a86.s]
  ignore line: [GNU assembler version 2.27 (x86_64-redhat-linux) using BFD version version 2.27-44.base.el7_9.1]
  ignore line: [COMPILER_PATH=/cvmfs/dunedaq.opensciencegrid.org/products/gcc/v8_2_0/Linux64bit+3.10-2.17/bin/../libexec/gcc/x86_64-pc-linux-gnu/8.2.0/:/cvmfs/dunedaq.opensciencegrid.org/products/gcc/v8_2_0/Linux64bit+3.10-2.17/bin/../libexec/gcc/:/cvmfs/dunedaq-development.opensciencegrid.org/nightly/N21-12-02/externals/gcc/v8_2_0/Linux64bit+3.10-2.17/bin/]
  ignore line: [LIBRARY_PATH=/cvmfs/dunedaq.opensciencegrid.org/products/gcc/v8_2_0/Linux64bit+3.10-2.17/bin/../lib/gcc/x86_64-pc-linux-gnu/8.2.0/:/cvmfs/dunedaq.opensciencegrid.org/products/gcc/v8_2_0/Linux64bit+3.10-2.17/bin/../lib/gcc/:/cvmfs/dunedaq.opensciencegrid.org/products/gcc/v8_2_0/Linux64bit+3.10-2.17/bin/../lib/gcc/x86_64-pc-linux-gnu/8.2.0/../../../../lib64/:/lib/../lib64/:/usr/lib/../lib64/:/cvmfs/dunedaq.opensciencegrid.org/products/gcc/v8_2_0/Linux64bit+3.10-2.17/bin/../lib/gcc/x86_64-pc-linux-gnu/8.2.0/../../../:/lib/:/usr/lib/]
  ignore line: [COLLECT_GCC_OPTIONS='-v' '-o' 'CMakeFiles/cmTC_9f875.dir/CMakeCXXCompilerABI.cpp.o' '-c' '-shared-libgcc' '-mtune=generic' '-march=x86-64']
  ignore line: [[2/2] Linking CXX executable cmTC_9f875]
  ignore line: [Using built-in specs.]
  ignore line: [COLLECT_GCC=/cvmfs/dunedaq-development.opensciencegrid.org/nightly/N21-12-02/externals/gcc/v8_2_0/Linux64bit+3.10-2.17/bin/c++]
  ignore line: [COLLECT_LTO_WRAPPER=/cvmfs/dunedaq.opensciencegrid.org/products/gcc/v8_2_0/Linux64bit+3.10-2.17/bin/../libexec/gcc/x86_64-pc-linux-gnu/8.2.0/lto-wrapper]
  ignore line: [Target: x86_64-pc-linux-gnu]
  ignore line: [Configured with: ./configure --prefix=/home/greenc/work/cet-is/test-products/gcc/v8_2_0/Linux64bit+3.10-2.17 --disable-libgcj --enable-threads=posix --enable-__cxa_atexit --enable-languages=c c++ fortran lto --with-system-zlib --enable-libstdcxx-time=rt --enable-stage1-checking=yes --enable-checking=release --enable-plugin --enable-lto]
  ignore line: [Thread model: posix]
  ignore line: [gcc version 8.2.0 (GCC) ]
  ignore line: [COMPILER_PATH=/cvmfs/dunedaq.opensciencegrid.org/products/gcc/v8_2_0/Linux64bit+3.10-2.17/bin/../libexec/gcc/x86_64-pc-linux-gnu/8.2.0/:/cvmfs/dunedaq.opensciencegrid.org/products/gcc/v8_2_0/Linux64bit+3.10-2.17/bin/../libexec/gcc/:/cvmfs/dunedaq-development.opensciencegrid.org/nightly/N21-12-02/externals/gcc/v8_2_0/Linux64bit+3.10-2.17/bin/]
  ignore line: [LIBRARY_PATH=/cvmfs/dunedaq.opensciencegrid.org/products/gcc/v8_2_0/Linux64bit+3.10-2.17/bin/../lib/gcc/x86_64-pc-linux-gnu/8.2.0/:/cvmfs/dunedaq.opensciencegrid.org/products/gcc/v8_2_0/Linux64bit+3.10-2.17/bin/../lib/gcc/:/cvmfs/dunedaq.opensciencegrid.org/products/gcc/v8_2_0/Linux64bit+3.10-2.17/bin/../lib/gcc/x86_64-pc-linux-gnu/8.2.0/../../../../lib64/:/lib/../lib64/:/usr/lib/../lib64/:/cvmfs/dunedaq.opensciencegrid.org/products/gcc/v8_2_0/Linux64bit+3.10-2.17/bin/../lib/gcc/x86_64-pc-linux-gnu/8.2.0/../../../:/lib/:/usr/lib/]
  ignore line: [COLLECT_GCC_OPTIONS='-v' '-o' 'cmTC_9f875' '-shared-libgcc' '-mtune=generic' '-march=x86-64']
  link line: [ /cvmfs/dunedaq.opensciencegrid.org/products/gcc/v8_2_0/Linux64bit+3.10-2.17/bin/../libexec/gcc/x86_64-pc-linux-gnu/8.2.0/collect2 -plugin /cvmfs/dunedaq.opensciencegrid.org/products/gcc/v8_2_0/Linux64bit+3.10-2.17/bin/../libexec/gcc/x86_64-pc-linux-gnu/8.2.0/liblto_plugin.so -plugin-opt=/cvmfs/dunedaq.opensciencegrid.org/products/gcc/v8_2_0/Linux64bit+3.10-2.17/bin/../libexec/gcc/x86_64-pc-linux-gnu/8.2.0/lto-wrapper -plugin-opt=-fresolution=/tmp/ccox/ccFncOFo.res -plugin-opt=-pass-through=-lgcc_s -plugin-opt=-pass-through=-lgcc -plugin-opt=-pass-through=-lc -plugin-opt=-pass-through=-lgcc_s -plugin-opt=-pass-through=-lgcc --eh-frame-hdr -m elf_x86_64 -dynamic-linker /lib64/ld-linux-x86-64.so.2 -o cmTC_9f875 /lib/../lib64/crt1.o /lib/../lib64/crti.o /cvmfs/dunedaq.opensciencegrid.org/products/gcc/v8_2_0/Linux64bit+3.10-2.17/bin/../lib/gcc/x86_64-pc-linux-gnu/8.2.0/crtbegin.o -L/cvmfs/dunedaq.opensciencegrid.org/products/gcc/v8_2_0/Linux64bit+3.10-2.17/bin/../lib/gcc/x86_64-pc-linux-gnu/8.2.0 -L/cvmfs/dunedaq.opensciencegrid.org/products/gcc/v8_2_0/Linux64bit+3.10-2.17/bin/../lib/gcc -L/cvmfs/dunedaq.opensciencegrid.org/products/gcc/v8_2_0/Linux64bit+3.10-2.17/bin/../lib/gcc/x86_64-pc-linux-gnu/8.2.0/../../../../lib64 -L/lib/../lib64 -L/usr/lib/../lib64 -L/cvmfs/dunedaq.opensciencegrid.org/products/gcc/v8_2_0/Linux64bit+3.10-2.17/bin/../lib/gcc/x86_64-pc-linux-gnu/8.2.0/../../.. CMakeFiles/cmTC_9f875.dir/CMakeCXXCompilerABI.cpp.o -lstdc++ -lm -lgcc_s -lgcc -lc -lgcc_s -lgcc /cvmfs/dunedaq.opensciencegrid.org/products/gcc/v8_2_0/Linux64bit+3.10-2.17/bin/../lib/gcc/x86_64-pc-linux-gnu/8.2.0/crtend.o /lib/../lib64/crtn.o]
    arg [/cvmfs/dunedaq.opensciencegrid.org/products/gcc/v8_2_0/Linux64bit+3.10-2.17/bin/../libexec/gcc/x86_64-pc-linux-gnu/8.2.0/collect2] ==> ignore
    arg [-plugin] ==> ignore
    arg [/cvmfs/dunedaq.opensciencegrid.org/products/gcc/v8_2_0/Linux64bit+3.10-2.17/bin/../libexec/gcc/x86_64-pc-linux-gnu/8.2.0/liblto_plugin.so] ==> ignore
    arg [-plugin-opt=/cvmfs/dunedaq.opensciencegrid.org/products/gcc/v8_2_0/Linux64bit+3.10-2.17/bin/../libexec/gcc/x86_64-pc-linux-gnu/8.2.0/lto-wrapper] ==> ignore
    arg [-plugin-opt=-fresolution=/tmp/ccox/ccFncOFo.res] ==> ignore
    arg [-plugin-opt=-pass-through=-lgcc_s] ==> ignore
    arg [-plugin-opt=-pass-through=-lgcc] ==> ignore
    arg [-plugin-opt=-pass-through=-lc] ==> ignore
    arg [-plugin-opt=-pass-through=-lgcc_s] ==> ignore
    arg [-plugin-opt=-pass-through=-lgcc] ==> ignore
    arg [--eh-frame-hdr] ==> ignore
    arg [-m] ==> ignore
    arg [elf_x86_64] ==> ignore
    arg [-dynamic-linker] ==> ignore
    arg [/lib64/ld-linux-x86-64.so.2] ==> ignore
    arg [-o] ==> ignore
    arg [cmTC_9f875] ==> ignore
    arg [/lib/../lib64/crt1.o] ==> ignore
    arg [/lib/../lib64/crti.o] ==> ignore
    arg [/cvmfs/dunedaq.opensciencegrid.org/products/gcc/v8_2_0/Linux64bit+3.10-2.17/bin/../lib/gcc/x86_64-pc-linux-gnu/8.2.0/crtbegin.o] ==> ignore
    arg [-L/cvmfs/dunedaq.opensciencegrid.org/products/gcc/v8_2_0/Linux64bit+3.10-2.17/bin/../lib/gcc/x86_64-pc-linux-gnu/8.2.0] ==> dir [/cvmfs/dunedaq.opensciencegrid.org/products/gcc/v8_2_0/Linux64bit+3.10-2.17/bin/../lib/gcc/x86_64-pc-linux-gnu/8.2.0]
    arg [-L/cvmfs/dunedaq.opensciencegrid.org/products/gcc/v8_2_0/Linux64bit+3.10-2.17/bin/../lib/gcc] ==> dir [/cvmfs/dunedaq.opensciencegrid.org/products/gcc/v8_2_0/Linux64bit+3.10-2.17/bin/../lib/gcc]
    arg [-L/cvmfs/dunedaq.opensciencegrid.org/products/gcc/v8_2_0/Linux64bit+3.10-2.17/bin/../lib/gcc/x86_64-pc-linux-gnu/8.2.0/../../../../lib64] ==> dir [/cvmfs/dunedaq.opensciencegrid.org/products/gcc/v8_2_0/Linux64bit+3.10-2.17/bin/../lib/gcc/x86_64-pc-linux-gnu/8.2.0/../../../../lib64]
    arg [-L/lib/../lib64] ==> dir [/lib/../lib64]
    arg [-L/usr/lib/../lib64] ==> dir [/usr/lib/../lib64]
    arg [-L/cvmfs/dunedaq.opensciencegrid.org/products/gcc/v8_2_0/Linux64bit+3.10-2.17/bin/../lib/gcc/x86_64-pc-linux-gnu/8.2.0/../../..] ==> dir [/cvmfs/dunedaq.opensciencegrid.org/products/gcc/v8_2_0/Linux64bit+3.10-2.17/bin/../lib/gcc/x86_64-pc-linux-gnu/8.2.0/../../..]
    arg [CMakeFiles/cmTC_9f875.dir/CMakeCXXCompilerABI.cpp.o] ==> ignore
    arg [-lstdc++] ==> lib [stdc++]
    arg [-lm] ==> lib [m]
    arg [-lgcc_s] ==> lib [gcc_s]
    arg [-lgcc] ==> lib [gcc]
    arg [-lc] ==> lib [c]
    arg [-lgcc_s] ==> lib [gcc_s]
    arg [-lgcc] ==> lib [gcc]
    arg [/cvmfs/dunedaq.opensciencegrid.org/products/gcc/v8_2_0/Linux64bit+3.10-2.17/bin/../lib/gcc/x86_64-pc-linux-gnu/8.2.0/crtend.o] ==> ignore
    arg [/lib/../lib64/crtn.o] ==> ignore
  collapse library dir [/cvmfs/dunedaq.opensciencegrid.org/products/gcc/v8_2_0/Linux64bit+3.10-2.17/bin/../lib/gcc/x86_64-pc-linux-gnu/8.2.0] ==> [/cvmfs/dunedaq.opensciencegrid.org/products/gcc/v8_2_0/Linux64bit+3.10-2.17/lib/gcc/x86_64-pc-linux-gnu/8.2.0]
  collapse library dir [/cvmfs/dunedaq.opensciencegrid.org/products/gcc/v8_2_0/Linux64bit+3.10-2.17/bin/../lib/gcc] ==> [/cvmfs/dunedaq.opensciencegrid.org/products/gcc/v8_2_0/Linux64bit+3.10-2.17/lib/gcc]
  collapse library dir [/cvmfs/dunedaq.opensciencegrid.org/products/gcc/v8_2_0/Linux64bit+3.10-2.17/bin/../lib/gcc/x86_64-pc-linux-gnu/8.2.0/../../../../lib64] ==> [/cvmfs/dunedaq.opensciencegrid.org/products/gcc/v8_2_0/Linux64bit+3.10-2.17/lib64]
  collapse library dir [/lib/../lib64] ==> [/lib64]
  collapse library dir [/usr/lib/../lib64] ==> [/usr/lib64]
  collapse library dir [/cvmfs/dunedaq.opensciencegrid.org/products/gcc/v8_2_0/Linux64bit+3.10-2.17/bin/../lib/gcc/x86_64-pc-linux-gnu/8.2.0/../../..] ==> [/cvmfs/dunedaq.opensciencegrid.org/products/gcc/v8_2_0/Linux64bit+3.10-2.17/lib]
  implicit libs: [stdc++;m;gcc_s;gcc;c;gcc_s;gcc]
  implicit dirs: [/cvmfs/dunedaq.opensciencegrid.org/products/gcc/v8_2_0/Linux64bit+3.10-2.17/lib/gcc/x86_64-pc-linux-gnu/8.2.0;/cvmfs/dunedaq.opensciencegrid.org/products/gcc/v8_2_0/Linux64bit+3.10-2.17/lib/gcc;/cvmfs/dunedaq.opensciencegrid.org/products/gcc/v8_2_0/Linux64bit+3.10-2.17/lib64;/lib64;/usr/lib64;/cvmfs/dunedaq.opensciencegrid.org/products/gcc/v8_2_0/Linux64bit+3.10-2.17/lib]
  implicit fwks: []


Performing C++ SOURCE FILE Test HAS_FLTO succeeded with the following output:
Change Dir: /home/ccox/N2Dec21TEST/build/CMakeFiles/CMakeTmp

Run Build Command(s):/cvmfs/dunedaq-development.opensciencegrid.org/nightly/N21-12-02/externals/ninja/v1_10_0/Linux64bit+3.10-2.17/bin/ninja cmTC_d2210 && [1/2] Building CXX object CMakeFiles/cmTC_d2210.dir/src.cxx.o
[2/2] Linking CXX executable cmTC_d2210


Source file was:
int main() { return 0; }
Determining if the function lzma_auto_decoder exists in the /usr/lib64/liblzma.so passed with the following output:
Change Dir: /home/ccox/N2Dec21TEST/build/CMakeFiles/CMakeTmp

Run Build Command(s):/cvmfs/dunedaq-development.opensciencegrid.org/nightly/N21-12-02/externals/ninja/v1_10_0/Linux64bit+3.10-2.17/bin/ninja cmTC_36c94 && [1/2] Building C object CMakeFiles/cmTC_36c94.dir/CheckFunctionExists.c.o
[2/2] Linking C executable cmTC_36c94



Determining if the function lzma_easy_encoder exists in the /usr/lib64/liblzma.so passed with the following output:
Change Dir: /home/ccox/N2Dec21TEST/build/CMakeFiles/CMakeTmp

Run Build Command(s):/cvmfs/dunedaq-development.opensciencegrid.org/nightly/N21-12-02/externals/ninja/v1_10_0/Linux64bit+3.10-2.17/bin/ninja cmTC_f77aa && [1/2] Building C object CMakeFiles/cmTC_f77aa.dir/CheckFunctionExists.c.o
[2/2] Linking C executable cmTC_f77aa



Determining if the function lzma_lzma_preset exists in the /usr/lib64/liblzma.so passed with the following output:
Change Dir: /home/ccox/N2Dec21TEST/build/CMakeFiles/CMakeTmp

Run Build Command(s):/cvmfs/dunedaq-development.opensciencegrid.org/nightly/N21-12-02/externals/ninja/v1_10_0/Linux64bit+3.10-2.17/bin/ninja cmTC_349a5 && [1/2] Building C object CMakeFiles/cmTC_349a5.dir/CheckFunctionExists.c.o
[2/2] Linking C executable cmTC_349a5



Determining if the BZ2_bzCompressInit exist passed with the following output:
Change Dir: /home/ccox/N2Dec21TEST/build/CMakeFiles/CMakeTmp

Run Build Command(s):/cvmfs/dunedaq-development.opensciencegrid.org/nightly/N21-12-02/externals/ninja/v1_10_0/Linux64bit+3.10-2.17/bin/ninja cmTC_9e409 && [1/2] Building C object CMakeFiles/cmTC_9e409.dir/CheckSymbolExists.c.o
[2/2] Linking C executable cmTC_9e409


File /home/ccox/N2Dec21TEST/build/CMakeFiles/CMakeTmp/CheckSymbolExists.c:
/* */
#include <bzlib.h>

int main(int argc, char** argv)
{
  (void)argv;
#ifndef BZ2_bzCompressInit
  return ((int*)(&BZ2_bzCompressInit))[argc];
#else
  (void)argc;
  return 0;
#endif
}
Determining if the include file pthread.h exists passed with the following output:
Change Dir: /home/ccox/N2Dec21TEST/build/CMakeFiles/CMakeTmp

Run Build Command(s):/cvmfs/dunedaq-development.opensciencegrid.org/nightly/N21-12-02/externals/ninja/v1_10_0/Linux64bit+3.10-2.17/bin/ninja cmTC_90b13 && [1/2] Building C object CMakeFiles/cmTC_90b13.dir/CheckIncludeFile.c.o
[2/2] Linking C executable cmTC_90b13



Determining if the function pthread_create exists in the pthread passed with the following output:
Change Dir: /home/ccox/N2Dec21TEST/build/CMakeFiles/CMakeTmp

Run Build Command(s):/cvmfs/dunedaq-development.opensciencegrid.org/nightly/N21-12-02/externals/ninja/v1_10_0/Linux64bit+3.10-2.17/bin/ninja cmTC_28dd2 && [1/2] Building C object CMakeFiles/cmTC_28dd2.dir/CheckFunctionExists.c.o
[2/2] Linking C executable cmTC_28dd2



