Performing C SOURCE FILE Test CMAKE_HAVE_LIBC_PTHREAD failed with the following output:
Change Dir: /home/ccox/N2Dec21TEST/build/CMakeFiles/CMakeTmp

Run Build Command(s):/cvmfs/dunedaq-development.opensciencegrid.org/nightly/N21-12-02/externals/ninja/v1_10_0/Linux64bit+3.10-2.17/bin/ninja cmTC_626d5 && [1/2] Building C object CMakeFiles/cmTC_626d5.dir/src.c.o
[2/2] Linking C executable cmTC_626d5
FAILED: cmTC_626d5 
: && /cvmfs/dunedaq-development.opensciencegrid.org/nightly/N21-12-02/externals/gcc/v8_2_0/Linux64bit+3.10-2.17/bin/cc -DCMAKE_HAVE_LIBC_PTHREAD   CMakeFiles/cmTC_626d5.dir/src.c.o  -o cmTC_626d5   && :
CMakeFiles/cmTC_626d5.dir/src.c.o: In function `main':
src.c:(.text+0x2d): undefined reference to `pthread_create'
src.c:(.text+0x39): undefined reference to `pthread_detach'
src.c:(.text+0x45): undefined reference to `pthread_cancel'
src.c:(.text+0x56): undefined reference to `pthread_join'
src.c:(.text+0x6a): undefined reference to `pthread_atfork'
collect2: error: ld returned 1 exit status
ninja: build stopped: subcommand failed.


Source file was:
#include <pthread.h>

void* test_func(void* data)
{
  return data;
}

int main(void)
{
  pthread_t thread;
  pthread_create(&thread, NULL, test_func, NULL);
  pthread_detach(thread);
  pthread_cancel(thread);
  pthread_join(thread, NULL);
  pthread_atfork(NULL, NULL, NULL);
  pthread_exit(NULL);

  return 0;
}

Determining if the function pthread_create exists in the pthreads failed with the following output:
Change Dir: /home/ccox/N2Dec21TEST/build/CMakeFiles/CMakeTmp

Run Build Command(s):/cvmfs/dunedaq-development.opensciencegrid.org/nightly/N21-12-02/externals/ninja/v1_10_0/Linux64bit+3.10-2.17/bin/ninja cmTC_e93ba && [1/2] Building C object CMakeFiles/cmTC_e93ba.dir/CheckFunctionExists.c.o
[2/2] Linking C executable cmTC_e93ba
FAILED: cmTC_e93ba 
: && /cvmfs/dunedaq-development.opensciencegrid.org/nightly/N21-12-02/externals/gcc/v8_2_0/Linux64bit+3.10-2.17/bin/cc -DCHECK_FUNCTION_EXISTS=pthread_create   CMakeFiles/cmTC_e93ba.dir/CheckFunctionExists.c.o  -o cmTC_e93ba  -lpthreads && :
/usr/bin/ld: cannot find -lpthreads
collect2: error: ld returned 1 exit status
ninja: build stopped: subcommand failed.



